<?xml version="1.0" encoding="UTF-8"?>
<!-- Generated by org.testng.reporters.JUnitXMLReporter -->
<testsuite ignored="2" hostname="Zixiang" failures="0" tests="1" name="Default test" time="20.376" errors="0" timestamp="2022-03-26T18:15:38 SGT">
  <testcase classname="com.android.automation.test1.SwiggyAppTest" name="LocateMe_InvalidLocation_tc1" time="12.52"/>
  <testcase classname="com.android.automation.test1.SwiggyAppTest" name="Checkbox_Radio__Adding_Item_tc3" time="0.0">
    <ignored/>
  </testcase> <!-- Checkbox_Radio__Adding_Item_tc3 -->
  <testcase classname="com.android.automation.test1.SwiggyAppTest" name="Signup_Invalid_phone_number_tc2" time="0.0">
    <ignored/>
  </testcase> <!-- Signup_Invalid_phone_number_tc2 -->
</testsuite> <!-- Default test -->
