<?xml version="1.0" encoding="UTF-8"?>
<testng-results ignored="0" total="3" passed="3" failed="0" skipped="0">
  <reporter-output>
  </reporter-output>
  <suite started-at="2022-03-26T23:35:34 SGT" name="Suite" finished-at="2022-03-26T23:37:13 SGT" duration-ms="99180">
    <groups>
    </groups>
    <test started-at="2022-03-26T23:35:34 SGT" name="Test" finished-at="2022-03-26T23:37:13 SGT" duration-ms="99180">
      <class name="com.android.automation.test1.SwiggyAppTest">
        <test-method is-config="true" signature="setup()[pri:0, instance:com.android.automation.test1.SwiggyAppTest@25d250c6]" started-at="2022-03-26T23:35:34 SGT" name="setup" finished-at="2022-03-26T23:35:40 SGT" duration-ms="6184" status="PASS">
          <reporter-output>
          </reporter-output>
        </test-method> <!-- setup -->
        <test-method signature="Checkbox_Radio__Adding_Item_tc1()[pri:0, instance:com.android.automation.test1.SwiggyAppTest@25d250c6]" started-at="2022-03-26T23:35:40 SGT" name="Checkbox_Radio__Adding_Item_tc1" finished-at="2022-03-26T23:36:39 SGT" duration-ms="59658" status="PASS">
          <reporter-output>
          </reporter-output>
        </test-method> <!-- Checkbox_Radio__Adding_Item_tc1 -->
        <test-method is-config="true" signature="tearDown()[pri:0, instance:com.android.automation.test1.SwiggyAppTest@25d250c6]" started-at="2022-03-26T23:36:39 SGT" name="tearDown" finished-at="2022-03-26T23:36:39 SGT" duration-ms="71" status="PASS">
          <reporter-output>
          </reporter-output>
        </test-method> <!-- tearDown -->
        <test-method is-config="true" signature="setup()[pri:0, instance:com.android.automation.test1.SwiggyAppTest@25d250c6]" started-at="2022-03-26T23:36:39 SGT" name="setup" finished-at="2022-03-26T23:36:46 SGT" duration-ms="6911" status="PASS">
          <reporter-output>
          </reporter-output>
        </test-method> <!-- setup -->
        <test-method signature="Signup_Invalid_phone_number_tc2()[pri:1, instance:com.android.automation.test1.SwiggyAppTest@25d250c6]" started-at="2022-03-26T23:36:46 SGT" name="Signup_Invalid_phone_number_tc2" finished-at="2022-03-26T23:36:52 SGT" duration-ms="5782" status="PASS">
          <reporter-output>
          </reporter-output>
        </test-method> <!-- Signup_Invalid_phone_number_tc2 -->
        <test-method is-config="true" signature="tearDown()[pri:0, instance:com.android.automation.test1.SwiggyAppTest@25d250c6]" started-at="2022-03-26T23:36:52 SGT" name="tearDown" finished-at="2022-03-26T23:36:52 SGT" duration-ms="87" status="PASS">
          <reporter-output>
          </reporter-output>
        </test-method> <!-- tearDown -->
        <test-method is-config="true" signature="setup()[pri:0, instance:com.android.automation.test1.SwiggyAppTest@25d250c6]" started-at="2022-03-26T23:36:52 SGT" name="setup" finished-at="2022-03-26T23:36:59 SGT" duration-ms="6931" status="PASS">
          <reporter-output>
          </reporter-output>
        </test-method> <!-- setup -->
        <test-method signature="LocateMe_InvalidLocation_tc3()[pri:2, instance:com.android.automation.test1.SwiggyAppTest@25d250c6]" started-at="2022-03-26T23:36:59 SGT" name="LocateMe_InvalidLocation_tc3" finished-at="2022-03-26T23:37:13 SGT" duration-ms="13437" status="PASS">
          <reporter-output>
          </reporter-output>
        </test-method> <!-- LocateMe_InvalidLocation_tc3 -->
        <test-method is-config="true" signature="tearDown()[pri:0, instance:com.android.automation.test1.SwiggyAppTest@25d250c6]" started-at="2022-03-26T23:37:13 SGT" name="tearDown" finished-at="2022-03-26T23:37:13 SGT" duration-ms="88" status="PASS">
          <reporter-output>
          </reporter-output>
        </test-method> <!-- tearDown -->
      </class> <!-- com.android.automation.test1.SwiggyAppTest -->
    </test> <!-- Test -->
  </suite> <!-- Suite -->
</testng-results>
